\BOOKMARK [0][-]{chapter.1}{Struktura}{}% 1
\BOOKMARK [1][-]{section.1.1}{Zmiana systemu}{chapter.1}% 2
\BOOKMARK [1][-]{section.1.2}{Wprowadzenie podzia\233u na Organizacje i Wsp\363\233prace}{chapter.1}% 3
\BOOKMARK [1][-]{section.1.3}{Utworzenie ma\233ego sektora Organizacji projekt\363w technicznych}{chapter.1}% 4
\BOOKMARK [1][-]{section.1.4}{Utworzenie systemu Wsp\363\233pracy uczni\363w w projektach.}{chapter.1}% 5
\BOOKMARK [1][-]{section.1.5}{Podzia\233 Wsp\363\233pracy na r\363zne wymiary grup.}{chapter.1}% 6
\BOOKMARK [0][-]{chapter.2}{Organizacja}{}% 7
\BOOKMARK [1][-]{section.2.1}{Dob\363r os\363b zarzadzajacych praca}{chapter.2}% 8
\BOOKMARK [1][-]{section.2.2}{Dostosowanie obowiazk\363w i wymagan stanowisk do struktury}{chapter.2}% 9
\BOOKMARK [1][-]{section.2.3}{Wyznaczenie osoby/os\363b opiekujacych sie istniejacymi technologiami}{chapter.2}% 10
\BOOKMARK [0][-]{chapter.3}{Wsp\363\233praca}{}% 11
\BOOKMARK [1][-]{section.3.1}{Wyznacznie metod wsp\363\233pracy uczni\363w}{chapter.3}% 12
\BOOKMARK [1][-]{section.3.2}{Organizacja spotkan sekcji}{chapter.3}% 13
\BOOKMARK [1][-]{section.3.3}{Prezentacja projekt\363w oraz warsztat\363w/prelekcji}{chapter.3}% 14
\BOOKMARK [0][-]{chapter.4}{Dostep i informacja}{}% 15
\BOOKMARK [1][-]{section.4.1}{Wyznaczenie metod prezentowania zasob\363w sekcji}{chapter.4}% 16
\BOOKMARK [1][-]{section.4.2}{Stworzenie kampanii promujacej udzia\233 w spotkaniach}{chapter.4}% 17
\BOOKMARK [1][-]{section.4.3}{Prezentacja dostepnych projekt\363w, grafiku spotkan oraz warsztat\363w/prelekcji}{chapter.4}% 18
\BOOKMARK [1][-]{section.4.4}{Stworzenie formularza uczestnictwa w projektach lub nauczaniu}{chapter.4}% 19
\BOOKMARK [1][-]{section.4.5}{Umozliwienie proponowania projekt\363w/wykorzystania technologii}{chapter.4}% 20
\BOOKMARK [0][-]{chapter.5}{Bonus}{}% 21
\BOOKMARK [1][-]{section.5.1}{Zadania tygodniowe na dodatkowe oceny}{chapter.5}% 22
\BOOKMARK [1][-]{section.5.2}{Projekty wewnatrz-samorzadowe}{chapter.5}% 23
